H:\AudioEMOTION\chenhangting\CV3\folds\fold1_train.txt
{'neu': 0.25, 'hap': 0.25, 'ang': 0.25, 'sad': 0.25}
{'neu': 1191, 'hap': 1191, 'ang': 1191, 'sad': 1191}
3193
H:\AudioEMOTION\chenhangting\CV3\folds\fold1_eva.txt
{'neu': 0.37464788732394366, 'hap': 0.1295774647887324, 'ang': 0.24507042253521127, 'sad': 0.2507042253521127}
{'neu': 133, 'hap': 46, 'ang': 87, 'sad': 89}
355
H:\AudioEMOTION\chenhangting\CV3\folds\fold1_test.txt
{'neu': 0.40764331210191085, 'hap': 0.14331210191082802, 'ang': 0.24309978768577495, 'sad': 0.2059447983014862}
{'neu': 384, 'hap': 135, 'ang': 229, 'sad': 194}
942
H:\AudioEMOTION\chenhangting\CV3\folds\fold2_train.txt
{'neu': 0.25, 'hap': 0.25, 'ang': 0.25, 'sad': 0.25}
{'neu': 1211, 'hap': 1211, 'ang': 1211, 'sad': 1211}
3309
H:\AudioEMOTION\chenhangting\CV3\folds\fold2_eva.txt
{'neu': 0.36684782608695654, 'hap': 0.13043478260869565, 'ang': 0.2608695652173913, 'sad': 0.2418478260869565}
{'neu': 135, 'hap': 48, 'ang': 96, 'sad': 89}
368
H:\AudioEMOTION\chenhangting\CV3\folds\fold2_test.txt
{'neu': 0.44526445264452646, 'hap': 0.14391143911439114, 'ang': 0.16851168511685116, 'sad': 0.24231242312423124}
{'neu': 362, 'hap': 117, 'ang': 137, 'sad': 197}
813
H:\AudioEMOTION\chenhangting\CV3\folds\fold3_train.txt
{'neu': 0.25, 'hap': 0.25, 'ang': 0.25, 'sad': 0.25}
{'neu': 1249, 'hap': 1249, 'ang': 1249, 'sad': 1249}
3141
H:\AudioEMOTION\chenhangting\CV3\folds\fold3_eva.txt
{'neu': 0.3982808022922636, 'hap': 0.1318051575931232, 'ang': 0.24641833810888253, 'sad': 0.22349570200573066}
{'neu': 139, 'hap': 46, 'ang': 86, 'sad': 78}
349
H:\AudioEMOTION\chenhangting\CV3\folds\fold3_test.txt
{'neu': 0.32, 'hap': 0.135, 'ang': 0.24, 'sad': 0.305}
{'neu': 320, 'hap': 135, 'ang': 240, 'sad': 305}
1000
H:\AudioEMOTION\chenhangting\CV3\folds\fold4_train.txt
{'neu': 0.25, 'hap': 0.25, 'ang': 0.25, 'sad': 0.25}
{'neu': 1305, 'hap': 1305, 'ang': 1305, 'sad': 1305}
3327
H:\AudioEMOTION\chenhangting\CV3\folds\fold4_eva.txt
{'neu': 0.3918918918918919, 'hap': 0.14324324324324325, 'ang': 0.21081081081081082, 'sad': 0.25405405405405407}
{'neu': 145, 'hap': 53, 'ang': 78, 'sad': 94}
370
H:\AudioEMOTION\chenhangting\CV3\folds\fold4_test.txt
{'neu': 0.3253467843631778, 'hap': 0.08196721311475409, 'ang': 0.4123581336696091, 'sad': 0.18032786885245902}
{'neu': 258, 'hap': 65, 'ang': 327, 'sad': 143}
793
H:\AudioEMOTION\chenhangting\CV3\folds\fold5_train.txt
{'neu': 0.25, 'hap': 0.25, 'ang': 0.25, 'sad': 0.25}
{'neu': 1191, 'hap': 1191, 'ang': 1191, 'sad': 1191}
3193
H:\AudioEMOTION\chenhangting\CV3\folds\fold5_eva.txt
{'neu': 0.37464788732394366, 'hap': 0.1267605633802817, 'ang': 0.2619718309859155, 'sad': 0.23661971830985915}
{'neu': 133, 'hap': 45, 'ang': 93, 'sad': 84}
355
H:\AudioEMOTION\chenhangting\CV3\folds\fold5_test.txt
{'neu': 0.40764331210191085, 'hap': 0.15180467091295116, 'ang': 0.18046709129511676, 'sad': 0.26008492569002123}
{'neu': 384, 'hap': 143, 'ang': 170, 'sad': 245}
942
